{
    "id": "lflp3k3ve3",
    "name": "Api-local",
    "description": "openapi用に自由に設定して下さい。",
    "createdDate": "2022-09-29T19:06:26+09:00",
    "version": "1.0.1",
    "warnings": [
        "Parse issue: attribute info.lisense is unexpected",
        "Parse issue: attribute components.schemas.Pet.examples is unexpected"
    ],
    "apiKeySource": "HEADER",
    "endpointConfiguration": {
        "types": [
            "EDGE"
        ]
    },
    "tags": {
        "aws:cloudformation:logical-id": "ApiF70053CD",
        "aws:cloudformation:stack-id": "arn:aws:cloudformation:ap-northeast-1:465254350166:stack/NextStartupStack-local/51d8dd90-3fde-11ed-acec-06eae724624d",
        "aws:cloudformation:stack-name": "NextStartupStack-local"
    },
    "disableExecuteApiEndpoint": false
}
{
    "id": "qhmox2",
    "createdDate": "2022-09-30T12:17:43+09:00"
}
